<?xml version="1.0" encoding="UTF-8"?>
<testsuite xmlns:xsi="http://www.w3.org/2001/XMLSchema-instance" xsi:noNamespaceSchemaLocation="https://maven.apache.org/surefire/maven-surefire-plugin/xsd/surefire-test-report-3.0.xsd" version="3.0" name="com.epam.rd.autotasks.library.LibraryTest" time="0.541" tests="4" errors="0" skipped="0" failures="0">
  <properties>
[...]
</properties>
  <testcase name="testAuthorConfiguration" classname="com.epam.rd.autotasks.library.LibraryTest" time="0.37"/>
  <testcase name="testLibraryManagementSystem(String, String, String)[1]" classname="com.epam.rd.autotasks.library.LibraryTest" time="0.082"/>
  <testcase name="testLibraryManagementSystem(String, String, String)[2]" classname="com.epam.rd.autotasks.library.LibraryTest" time="0.016"/>
  <testcase name="testPublisherConfiguration" classname="com.epam.rd.autotasks.library.LibraryTest" time="0.009"/>
</testsuite>